(Thu Jan  9 20:45:12 2020) Writing 8 bytes to file 'root'
(Thu Jan  9 20:45:12 2020) Writing 8 bytes to file 'root'
(Thu Jan  9 20:45:12 2020) Writing 8 bytes to file 'projects'
(Thu Jan  9 20:45:12 2020) Writing 8 bytes to file 'root'
(Thu Jan  9 20:45:12 2020) Writing 8 bytes to file 'logs'
(Thu Jan  9 20:45:12 2020) Writing 8 bytes to file 'root'
(Thu Jan  9 20:45:12 2020) Writing 8 bytes to file 'shared'
(Thu Jan  9 20:45:12 2020) Writing 8 bytes to file 'root'
(Thu Jan  9 20:45:12 2020) Writing 32 bytes to file 'config.c'
(Thu Jan  9 20:45:12 2020) Writing 19 bytes to file 'config.c'
(Thu Jan  9 20:45:12 2020) Writing 8 bytes to file 'root'
(Thu Jan  9 20:45:12 2020) Writing 32 bytes to file 'hash.c'
(Thu Jan  9 20:45:12 2020) Writing 32 bytes to file 'hash.c'
(Thu Jan  9 20:45:12 2020) Writing 32 bytes to file 'hash.c'
(Thu Jan  9 20:45:12 2020) Writing 32 bytes to file 'hash.c'
(Thu Jan  9 20:45:12 2020) Writing 32 bytes to file 'hash.c'
(Thu Jan  9 20:45:12 2020) Writing 32 bytes to file 'hash.c'
(Thu Jan  9 20:45:12 2020) Writing 32 bytes to file 'hash.c'
(Thu Jan  9 20:45:12 2020) Writing 32 bytes to file 'hash.c'
(Thu Jan  9 20:45:12 2020) Writing 32 bytes to file 'hash.c'
(Thu Jan  9 20:45:12 2020) Writing 32 bytes to file 'hash.c'
(Thu Jan  9 20:45:12 2020) Writing 32 bytes to file 'hash.c'
(Thu Jan  9 20:45:12 2020) Writing 32 bytes to file 'hash.c'
(Thu Jan  9 20:45:12 2020) Writing 32 bytes to file 'hash.c'
(Thu Jan  9 20:45:12 2020) Writing 32 bytes to file 'hash.c'
(Thu Jan  9 20:45:12 2020) Writing 32 bytes to file 'hash.c'
(Thu Jan  9 20:45:12 2020) Writing 32 bytes to file 'hash.c'
(Thu Jan  9 20:45:12 2020) Writing 32 bytes to file 'hash.c'
(Thu Jan  9 20:45:12 2020) Writing 32 bytes to file 'hash.c'
(Thu Jan  9 20:45:12 2020) Writing 32 bytes to file 'hash.c'
(Thu Jan  9 20:45:12 2020) Writing 30 bytes to file 'hash.c'
(Thu Jan  9 20:46:47 2020) Writing 8 bytes to file 'root'
(Thu Jan  9 20:46:47 2020) Writing 8 bytes to file 'root'
(Thu Jan  9 20:46:47 2020) Writing 8 bytes to file 'projects'
(Thu Jan  9 20:46:47 2020) Writing 8 bytes to file 'root'
(Thu Jan  9 20:46:47 2020) Writing 8 bytes to file 'logs'
(Thu Jan  9 20:46:47 2020) Writing 8 bytes to file 'root'
(Thu Jan  9 20:46:47 2020) Writing 8 bytes to file 'shared'
(Thu Jan  9 20:46:47 2020) Writing 8 bytes to file 'root'
(Thu Jan  9 20:46:47 2020) Writing 32 bytes to file 'config.c'
(Thu Jan  9 20:46:47 2020) Writing 19 bytes to file 'config.c'
(Thu Jan  9 20:46:47 2020) Writing 8 bytes to file 'root'
(Thu Jan  9 20:46:47 2020) Writing 32 bytes to file 'hash.c'
(Thu Jan  9 20:46:47 2020) Writing 32 bytes to file 'hash.c'
(Thu Jan  9 20:46:47 2020) Writing 32 bytes to file 'hash.c'
(Thu Jan  9 20:46:47 2020) Writing 32 bytes to file 'hash.c'
(Thu Jan  9 20:46:47 2020) Writing 32 bytes to file 'hash.c'
(Thu Jan  9 20:46:47 2020) Writing 32 bytes to file 'hash.c'
(Thu Jan  9 20:46:47 2020) Writing 32 bytes to file 'hash.c'
(Thu Jan  9 20:46:47 2020) Writing 32 bytes to file 'hash.c'
(Thu Jan  9 20:46:47 2020) Writing 32 bytes to file 'hash.c'
(Thu Jan  9 20:46:47 2020) Writing 32 bytes to file 'hash.c'
(Thu Jan  9 20:46:47 2020) Writing 32 bytes to file 'hash.c'
(Thu Jan  9 20:46:47 2020) Writing 32 bytes to file 'hash.c'
(Thu Jan  9 20:46:47 2020) Writing 32 bytes to file 'hash.c'
(Thu Jan  9 20:46:47 2020) Writing 32 bytes to file 'hash.c'
(Thu Jan  9 20:46:47 2020) Writing 32 bytes to file 'hash.c'
(Thu Jan  9 20:46:47 2020) Writing 32 bytes to file 'hash.c'
(Thu Jan  9 20:46:47 2020) Writing 32 bytes to file 'hash.c'
(Thu Jan  9 20:46:47 2020) Writing 32 bytes to file 'hash.c'
(Thu Jan  9 20:46:47 2020) Writing 32 bytes to file 'hash.c'
(Thu Jan  9 20:46:47 2020) Writing 30 bytes to file 'hash.c'
(Thu Jan  9 20:48:07 2020) Writing 8 bytes to file 'root'
(Thu Jan  9 20:48:07 2020) Writing 8 bytes to file 'root'
(Thu Jan  9 20:48:07 2020) Writing 8 bytes to file 'projects'
(Thu Jan  9 20:48:07 2020) Writing 8 bytes to file 'root'
(Thu Jan  9 20:48:07 2020) Writing 8 bytes to file 'logs'
(Thu Jan  9 20:48:07 2020) Writing 8 bytes to file 'root'
(Thu Jan  9 20:48:07 2020) Writing 8 bytes to file 'shared'
(Thu Jan  9 20:48:07 2020) Writing 8 bytes to file 'root'
(Thu Jan  9 20:48:07 2020) Writing 32 bytes to file 'config.c'
(Thu Jan  9 20:48:07 2020) Writing 19 bytes to file 'config.c'
(Thu Jan  9 20:48:07 2020) Writing 8 bytes to file 'root'
(Thu Jan  9 20:48:07 2020) Writing 32 bytes to file 'hash.c'
(Thu Jan  9 20:48:07 2020) Writing 32 bytes to file 'hash.c'
(Thu Jan  9 20:48:07 2020) Writing 32 bytes to file 'hash.c'
(Thu Jan  9 20:48:07 2020) Writing 32 bytes to file 'hash.c'
(Thu Jan  9 20:48:07 2020) Writing 32 bytes to file 'hash.c'
(Thu Jan  9 20:48:07 2020) Writing 32 bytes to file 'hash.c'
(Thu Jan  9 20:48:07 2020) Writing 32 bytes to file 'hash.c'
(Thu Jan  9 20:48:07 2020) Writing 32 bytes to file 'hash.c'
(Thu Jan  9 20:48:07 2020) Writing 32 bytes to file 'hash.c'
(Thu Jan  9 20:48:07 2020) Writing 32 bytes to file 'hash.c'
(Thu Jan  9 20:48:07 2020) Writing 32 bytes to file 'hash.c'
(Thu Jan  9 20:48:07 2020) Writing 32 bytes to file 'hash.c'
(Thu Jan  9 20:48:07 2020) Writing 32 bytes to file 'hash.c'
(Thu Jan  9 20:48:07 2020) Writing 32 bytes to file 'hash.c'
(Thu Jan  9 20:48:07 2020) Writing 32 bytes to file 'hash.c'
(Thu Jan  9 20:48:07 2020) Writing 32 bytes to file 'hash.c'
(Thu Jan  9 20:48:07 2020) Writing 32 bytes to file 'hash.c'
(Thu Jan  9 20:48:07 2020) Writing 32 bytes to file 'hash.c'
(Thu Jan  9 20:48:07 2020) Writing 32 bytes to file 'hash.c'
(Thu Jan  9 20:48:07 2020) Writing 30 bytes to file 'hash.c'
(Thu Jan  9 20:49:04 2020) Writing 8 bytes to file 'root'
(Thu Jan  9 20:49:04 2020) Writing 8 bytes to file 'root'
(Thu Jan  9 20:49:04 2020) Writing 8 bytes to file 'projects'
(Thu Jan  9 20:49:04 2020) Writing 8 bytes to file 'root'
(Thu Jan  9 20:49:04 2020) Writing 8 bytes to file 'logs'
(Thu Jan  9 20:49:04 2020) Writing 8 bytes to file 'root'
(Thu Jan  9 20:49:04 2020) Writing 8 bytes to file 'shared'
(Thu Jan  9 20:49:04 2020) Writing 8 bytes to file 'root'
(Thu Jan  9 20:49:04 2020) Writing 32 bytes to file 'config.c'
(Thu Jan  9 20:49:04 2020) Writing 19 bytes to file 'config.c'
(Thu Jan  9 20:49:04 2020) Writing 8 bytes to file 'root'
(Thu Jan  9 20:49:04 2020) Writing 32 bytes to file 'hash.c'
(Thu Jan  9 20:49:04 2020) Writing 32 bytes to file 'hash.c'
(Thu Jan  9 20:49:04 2020) Writing 32 bytes to file 'hash.c'
(Thu Jan  9 20:49:04 2020) Writing 32 bytes to file 'hash.c'
(Thu Jan  9 20:49:04 2020) Writing 32 bytes to file 'hash.c'
(Thu Jan  9 20:49:04 2020) Writing 32 bytes to file 'hash.c'
(Thu Jan  9 20:49:04 2020) Writing 32 bytes to file 'hash.c'
(Thu Jan  9 20:49:04 2020) Writing 32 bytes to file 'hash.c'
(Thu Jan  9 20:49:04 2020) Writing 32 bytes to file 'hash.c'
(Thu Jan  9 20:49:04 2020) Writing 32 bytes to file 'hash.c'
(Thu Jan  9 20:49:04 2020) Writing 32 bytes to file 'hash.c'
(Thu Jan  9 20:49:04 2020) Writing 32 bytes to file 'hash.c'
(Thu Jan  9 20:49:04 2020) Writing 32 bytes to file 'hash.c'
(Thu Jan  9 20:49:04 2020) Writing 32 bytes to file 'hash.c'
(Thu Jan  9 20:49:04 2020) Writing 32 bytes to file 'hash.c'
(Thu Jan  9 20:49:04 2020) Writing 32 bytes to file 'hash.c'
(Thu Jan  9 20:49:04 2020) Writing 32 bytes to file 'hash.c'
(Thu Jan  9 20:49:04 2020) Writing 32 bytes to file 'hash.c'
(Thu Jan  9 20:49:04 2020) Writing 32 bytes to file 'hash.c'
(Thu Jan  9 20:49:04 2020) Writing 30 bytes to file 'hash.c'
(Thu Jan  9 20:49:37 2020) Writing 8 bytes to file 'root'
(Thu Jan  9 20:49:37 2020) Writing 8 bytes to file 'root'
(Thu Jan  9 20:49:37 2020) Writing 8 bytes to file 'projects'
(Thu Jan  9 20:49:37 2020) Writing 8 bytes to file 'root'
(Thu Jan  9 20:49:37 2020) Writing 8 bytes to file 'logs'
(Thu Jan  9 20:49:37 2020) Writing 8 bytes to file 'root'
(Thu Jan  9 20:49:37 2020) Writing 8 bytes to file 'shared'
(Thu Jan  9 20:49:37 2020) Writing 8 bytes to file 'root'
(Thu Jan  9 20:49:37 2020) Writing 32 bytes to file 'config.c'
(Thu Jan  9 20:49:37 2020) Writing 19 bytes to file 'config.c'
(Thu Jan  9 20:49:37 2020) Writing 8 bytes to file 'root'
(Thu Jan  9 20:49:37 2020) Writing 32 bytes to file 'hash.c'
(Thu Jan  9 20:49:37 2020) Writing 32 bytes to file 'hash.c'
(Thu Jan  9 20:49:37 2020) Writing 32 bytes to file 'hash.c'
(Thu Jan  9 20:49:37 2020) Writing 32 bytes to file 'hash.c'
(Thu Jan  9 20:49:37 2020) Writing 32 bytes to file 'hash.c'
(Thu Jan  9 20:49:37 2020) Writing 32 bytes to file 'hash.c'
(Thu Jan  9 20:49:37 2020) Writing 32 bytes to file 'hash.c'
(Thu Jan  9 20:49:37 2020) Writing 32 bytes to file 'hash.c'
(Thu Jan  9 20:49:37 2020) Writing 32 bytes to file 'hash.c'
(Thu Jan  9 20:49:37 2020) Writing 32 bytes to file 'hash.c'
(Thu Jan  9 20:49:37 2020) Writing 32 bytes to file 'hash.c'
(Thu Jan  9 20:49:37 2020) Writing 32 bytes to file 'hash.c'
(Thu Jan  9 20:49:37 2020) Writing 32 bytes to file 'hash.c'
(Thu Jan  9 20:49:37 2020) Writing 32 bytes to file 'hash.c'
(Thu Jan  9 20:49:37 2020) Writing 32 bytes to file 'hash.c'
(Thu Jan  9 20:49:37 2020) Writing 32 bytes to file 'hash.c'
(Thu Jan  9 20:49:37 2020) Writing 32 bytes to file 'hash.c'
(Thu Jan  9 20:49:37 2020) Writing 32 bytes to file 'hash.c'
(Thu Jan  9 20:49:37 2020) Writing 32 bytes to file 'hash.c'
(Thu Jan  9 20:49:37 2020) Writing 30 bytes to file 'hash.c'
(Thu Jan  9 20:50:41 2020) Writing 8 bytes to file 'root'
(Thu Jan  9 20:50:41 2020) Writing 8 bytes to file 'root'
(Thu Jan  9 20:50:41 2020) Writing 8 bytes to file 'projects'
(Thu Jan  9 20:50:41 2020) Writing 8 bytes to file 'root'
(Thu Jan  9 20:50:41 2020) Writing 8 bytes to file 'logs'
(Thu Jan  9 20:50:41 2020) Writing 8 bytes to file 'root'
(Thu Jan  9 20:50:41 2020) Writing 8 bytes to file 'shared'
(Thu Jan  9 20:50:41 2020) Writing 8 bytes to file 'root'
(Thu Jan  9 20:50:41 2020) Writing 32 bytes to file 'config.c'
(Thu Jan  9 20:50:41 2020) Writing 19 bytes to file 'config.c'
(Thu Jan  9 20:50:41 2020) Writing 8 bytes to file 'root'
(Thu Jan  9 20:50:41 2020) Writing 32 bytes to file 'hash.c'
(Thu Jan  9 20:50:41 2020) Writing 32 bytes to file 'hash.c'
(Thu Jan  9 20:50:41 2020) Writing 32 bytes to file 'hash.c'
(Thu Jan  9 20:50:41 2020) Writing 32 bytes to file 'hash.c'
(Thu Jan  9 20:50:41 2020) Writing 32 bytes to file 'hash.c'
(Thu Jan  9 20:50:41 2020) Writing 32 bytes to file 'hash.c'
(Thu Jan  9 20:50:41 2020) Writing 32 bytes to file 'hash.c'
(Thu Jan  9 20:50:41 2020) Writing 32 bytes to file 'hash.c'
(Thu Jan  9 20:50:41 2020) Writing 32 bytes to file 'hash.c'
(Thu Jan  9 20:50:41 2020) Writing 32 bytes to file 'hash.c'
(Thu Jan  9 20:50:41 2020) Writing 32 bytes to file 'hash.c'
(Thu Jan  9 20:50:41 2020) Writing 32 bytes to file 'hash.c'
(Thu Jan  9 20:50:41 2020) Writing 32 bytes to file 'hash.c'
(Thu Jan  9 20:50:41 2020) Writing 32 bytes to file 'hash.c'
(Thu Jan  9 20:50:41 2020) Writing 32 bytes to file 'hash.c'
(Thu Jan  9 20:50:41 2020) Writing 32 bytes to file 'hash.c'
(Thu Jan  9 20:50:41 2020) Writing 32 bytes to file 'hash.c'
(Thu Jan  9 20:50:41 2020) Writing 32 bytes to file 'hash.c'
(Thu Jan  9 20:50:41 2020) Writing 32 bytes to file 'hash.c'
(Thu Jan  9 20:50:41 2020) Writing 30 bytes to file 'hash.c'
